c:\users\kayle\onedrive\desktop\sexy_esp\build\intermediates\vc143.pdb
c:\users\kayle\onedrive\desktop\sexy_esp\build\intermediates\vc143.idb
c:\users\kayle\onedrive\desktop\sexy_esp\build\intermediates\main.obj
c:\users\kayle\onedrive\desktop\sexy_esp\build\intermediates\imgui_widgets.obj
c:\users\kayle\onedrive\desktop\sexy_esp\build\intermediates\imgui_tables.obj
c:\users\kayle\onedrive\desktop\sexy_esp\build\intermediates\imgui_impl_win32.obj
c:\users\kayle\onedrive\desktop\sexy_esp\build\intermediates\imgui_impl_dx11.obj
c:\users\kayle\onedrive\desktop\sexy_esp\build\intermediates\imgui_draw.obj
c:\users\kayle\onedrive\desktop\sexy_esp\build\intermediates\imgui_demo.obj
c:\users\kayle\onedrive\desktop\sexy_esp\build\intermediates\imgui.obj
c:\users\kayle\onedrive\desktop\sexy_esp\build\intermediates\sexy_esp.ilk
c:\users\kayle\onedrive\desktop\sexy_esp\build\sexy_esp.exe
c:\users\kayle\onedrive\desktop\sexy_esp\build\sexy_esp.pdb
c:\users\kayle\onedrive\desktop\sexy_esp\build\intermediates\sexy_esp.vcxproj.filelistabsolute.txt
c:\users\kayle\onedrive\desktop\sexy_esp\build\intermediates\sexy_esp.tlog\cl.command.1.tlog
c:\users\kayle\onedrive\desktop\sexy_esp\build\intermediates\sexy_esp.tlog\cl.items.tlog
c:\users\kayle\onedrive\desktop\sexy_esp\build\intermediates\sexy_esp.tlog\cl.read.1.tlog
c:\users\kayle\onedrive\desktop\sexy_esp\build\intermediates\sexy_esp.tlog\cl.write.1.tlog
c:\users\kayle\onedrive\desktop\sexy_esp\build\intermediates\sexy_esp.tlog\link.command.1.tlog
c:\users\kayle\onedrive\desktop\sexy_esp\build\intermediates\sexy_esp.tlog\link.read.1.tlog
c:\users\kayle\onedrive\desktop\sexy_esp\build\intermediates\sexy_esp.tlog\link.write.1.tlog
